生成启动时间为 2016/9/28 星期三 15:19:50。
     1>项目“C:\Users\Administrator\Desktop\CBestThreshold\CBestThreshold\CBestThreshold.vcxproj”在节点 2 上(build 个目标)。
     1>InitializeBuildStatus:
         正在创建“Debug\CBestThreshold.unsuccessfulbuild”，因为已指定“AlwaysCreate”。
       ClCompile:
         所有输出均为最新。
         D:\Program Files (x86)\VS2010\VC\bin\CL.exe /c /ZI /nologo /W3 /WX- /Od /Oy- /D WIN32 /D _DEBUG /D _CONSOLE /D _UNICODE /D UNICODE /Gm /EHsc /RTC1 /MDd /GS /fp:precise /Zc:wchar_t /Zc:forScope /Yu"StdAfx.h" /Fp"Debug\CBestThreshold.pch" /Fo"Debug\\" /Fd"Debug\vc100.pdb" /Gd /TP /analyze- /errorReport:prompt CBestThreshold.cpp
         CBestThreshold.cpp
       ManifestResourceCompile:
         所有输出均为最新。
       Link:
         D:\Program Files (x86)\VS2010\VC\bin\link.exe /ERRORREPORT:PROMPT /OUT:"C:\Users\Administrator\Desktop\CBestThreshold\Debug\CBestThreshold.exe" /INCREMENTAL /NOLOGO kernel32.lib user32.lib gdi32.lib winspool.lib comdlg32.lib advapi32.lib shell32.lib ole32.lib oleaut32.lib uuid.lib odbc32.lib odbccp32.lib /MANIFEST /ManifestFile:"Debug\CBestThreshold.exe.intermediate.manifest" /MANIFESTUAC:"level='asInvoker' uiAccess='false'" /DEBUG /PDB:"C:\Users\Administrator\Desktop\CBestThreshold\Debug\CBestThreshold.pdb" /SUBSYSTEM:CONSOLE /TLBID:1 /DYNAMICBASE /NXCOMPAT /IMPLIB:"C:\Users\Administrator\Desktop\CBestThreshold\Debug\CBestThreshold.lib" /MACHINE:X86 Debug\CBestThreshold.exe.embed.manifest.res
         Debug\CBestThreshold.obj
         Debug\stdafx.obj
       Manifest:
         C:\Program Files (x86)\Microsoft SDKs\Windows\v7.0A\bin\mt.exe /nologo /verbose /out:"Debug\CBestThreshold.exe.embed.manifest" /manifest Debug\CBestThreshold.exe.intermediate.manifest
         所有输出均为最新。
       LinkEmbedManifest:
         所有输出均为最新。
         CBestThreshold.vcxproj -> C:\Users\Administrator\Desktop\CBestThreshold\Debug\CBestThreshold.exe
       FinalizeBuildStatus:
         正在删除文件“Debug\CBestThreshold.unsuccessfulbuild”。
         正在对“Debug\CBestThreshold.lastbuildstate”执行 Touch 任务。
     1>已完成生成项目“C:\Users\Administrator\Desktop\CBestThreshold\CBestThreshold\CBestThreshold.vcxproj”(build 个目标)的操作。

生成成功。

已用时间 00:00:00.84
